<mule xmlns="http://www.mulesoft.org/schema/mule/core"
      xmlns:xsi="http://www.w3.org/2001/XMLSchema-instance"
      xmlns:simpledb="http://www.mulesoft.org/schema/mule/simpledb"
      xsi:schemaLocation="http://www.mulesoft.org/schema/mule/core http://www.mulesoft.org/schema/mule/core/current/mule.xsd
          http://www.mulesoft.org/schema/mule/simpledb http://www.mulesoft.org/schema/mule/simpledb/current/mule-simpledb.xsd">

    <simpledb:config name="config" configId="configId">
        <simpledb:connection requiredParameter="aValue" />
    </simpledb:config>

    <flow name="sayHiFlow">
        <simpledb:say-hi person="Mariano Gonzalez"/>
    </flow>

    <flow name="retrieveInfoFlow">
        <simpledb:retrieve-info config-ref="config"/>
    </flow>

</mule>
